<?xml version="1.0" encoding="UTF-8"?>
<log>
<logentry
   revision="1820478">
<author>stsp</author>
<date>2018-01-07T19:08:30.629401Z</date>
<paths>
<path
   text-mods="true"
   kind="file"
   action="M"
   prop-mods="false">/subversion/trunk/tools/dev/unix-build/Makefile.svn</path>
</paths>
<msg>* tools/dev/unix-build/Makefile.svn: Get the neon distfile from a backup
   mirror because webdav.org seems to be down.
</msg>
</logentry>
<logentry
   revision="1820518">
<author>danielsh</author>
<date>2018-01-08T02:50:59.456013Z</date>
<paths>
<path
   action="M"
   prop-mods="false"
   text-mods="true"
   kind="file">/subversion/trunk/subversion/bindings/swig/python/libsvn_swig_py/swigutil_py.c</path>
</paths>
<msg>swig-py: Support raw binary file-like objects for readable svn_stream_t*
parameters. [D:bindings]

Review by: troycurtisjr, brane

* subversion/bindings/swig/python/libsvn_swig_py/swigutil_py.c
  (svn_swig_py_make_stream): Declare read_handler_pyio() as a non-full
    svn_read_fn_t, in case PY_IO is a raw binary file object.</msg>
</logentry>
<logentry
   revision="1820608">
<author>stsp</author>
<date>2018-01-08T23:19:57.821614Z</date>
<paths>
<path
   action="M"
   prop-mods="false"
   text-mods="true"
   kind="file">/subversion/trunk/tools/dev/unix-build/Makefile.svn</path>
</paths>
<msg>* tools/dev/unix-build/Makefile.svn: Add a MAKE_JOBS parameter which gets passed
   as make -j while compiling the various dependencies and svn. Defaults to 4.
</msg>
</logentry>
<logentry
   revision="1820627">
<author>danielsh</author>
<date>2018-01-09T08:16:18.159042Z</date>
<paths>
<path
   action="M"
   prop-mods="false"
   text-mods="true"
   kind="file">/subversion/trunk/subversion/tests/cmdline/davautocheck.sh</path>
</paths>
<msg>* subversion/tests/cmdline/davautocheck.sh:
    Support a --lldb option alongside --gdb.</msg>
</logentry>
<logentry
   revision="1820718">
<author>philip</author>
<date>2018-01-10T01:38:43.681855Z</date>
<paths>
<path
   text-mods="true"
   kind="file"
   action="M"
   prop-mods="false">/subversion/trunk/subversion/bindings/javahl/native/Prompter.cpp</path>
<path
   prop-mods="false"
   text-mods="true"
   kind="file"
   action="M">/subversion/trunk/tools/examples/ExampleAuthn.java</path>
</paths>
<msg>Fix a JavaHL bug in the prompting for SSL server trust: attempting to
temporarily accept failures would lead to reject behaviour.

* subversion/bindings/javahl/native/Prompter.cpp
  (Prompter::dispatch_ssl_server_trust_prompt): Always set accepted_failures
   in returned credentials, this matches the behaviour of the standard
   svn_cmdline_auth_ssl_server_trust_prompt().

* tools/examples/ExampleAuthn.java
  (ExampleAuthn.sslServerTrustPrompt): Basic r/t implementation.
</msg>
</logentry>
<logentry
   revision="1820757">
<author>stsp</author>
<date>2018-01-10T15:24:34.192643Z</date>
<paths>
<path
   action="M"
   prop-mods="false"
   text-mods="true"
   kind="file">/subversion/trunk/tools/dev/unix-build/Makefile.svn</path>
</paths>
<msg>* tools/dev/unix-build/Makefile.svn: Fix the httpd build if APR is compiled
  without thread support.
</msg>
</logentry>
<logentry
   revision="1820758">
<author>stsp</author>
<date>2018-01-10T15:29:59.199794Z</date>
<paths>
<path
   action="M"
   prop-mods="false"
   text-mods="true"
   kind="file">/subversion/trunk/tools/dev/unix-build/Makefile.svn</path>
</paths>
<msg>* tools/dev/unix-build/Makefile.svn: Ignore MAKE_JOBS while compiling cyrus-sasl.
  cyrus-sasl doesn't seem to build reliably in parallel make mode. 
</msg>
</logentry>
<logentry
   revision="1820760">
<author>stsp</author>
<date>2018-01-10T15:46:34.768944Z</date>
<paths>
<path
   prop-mods="false"
   text-mods="true"
   kind="file"
   action="M">/subversion/trunk/tools/dev/unix-build/README</path>
</paths>
<msg>* tools/dev/unix-build/README: Add some notes about using this on OpenBSD.
  I keep forgetting which packages I need to install first...
</msg>
</logentry>
<logentry
   revision="1820761">
<author>stsp</author>
<date>2018-01-10T16:09:58.262224Z</date>
<paths>
<path
   action="M"
   prop-mods="false"
   text-mods="true"
   kind="file">/subversion/trunk/tools/dev/unix-build/Makefile.svn</path>
</paths>
<msg>* tools/dev/unix-build/Makefile.svn: Ignore MAKE_JOBS while compiling ruby.
  Ruby doesn't seem to build reliably in parallel make mode.
</msg>
</logentry>
<logentry
   revision="1820766">
<author>stsp</author>
<date>2018-01-10T17:37:13.303019Z</date>
<paths>
<path
   action="M"
   prop-mods="false"
   text-mods="true"
   kind="file">/subversion/trunk/tools/dev/unix-build/Makefile.svn</path>
</paths>
<msg>Follow-up to r1820758:

* tools/dev/unix-build/Makefile.svn: Fix a typo which sneaked into r1820758
   and broke Makefile dependency chain for the cyrus-sasl build.
</msg>
</logentry>
<logentry
   revision="1820778">
<author>philip</author>
<date>2018-01-10T20:11:02.578014Z</date>
<paths>
<path
   kind="file"
   action="M"
   prop-mods="false"
   text-mods="true">/subversion/trunk/subversion/mod_dav_svn/dav_svn.h</path>
<path
   action="M"
   prop-mods="false"
   text-mods="true"
   kind="file">/subversion/trunk/subversion/mod_dav_svn/mod_dav_svn.c</path>
<path
   text-mods="true"
   kind="file"
   action="M"
   prop-mods="false">/subversion/trunk/subversion/mod_dav_svn/version.c</path>
</paths>
<msg>Make the reporting of commit capabilites such as SVNDIFF version and
PUT checksums depend on the master version when a master-slave proxy
version is configured.  This allows 1.10 to be a slave proxy for
earlier version masters.

* subversion/mod_dav_svn/dav_svn.h
* subversion/mod_dav_svn/mod_dav_svn.c
  (dav_svn__check_ephemeral_txnprops_support): Remove.

* subversion/mod_dav_svn/version.c
  (get_vsn_options): Don't report commit capabilities here as we do
   not have access to the master version.
  (get_option): Report commit capabilities here.
</msg>
</logentry>
<logentry
   revision="1821183">
<author>julianfoad</author>
<date>2018-01-15T17:19:42.453081Z</date>
<paths>
<path
   prop-mods="false"
   text-mods="true"
   kind="file"
   action="M">/subversion/trunk/subversion/include/svn_base64.h</path>
<path
   prop-mods="false"
   text-mods="true"
   kind="file"
   action="M">/subversion/trunk/subversion/include/svn_client.h</path>
<path
   action="M"
   prop-mods="false"
   text-mods="true"
   kind="file">/subversion/trunk/subversion/include/svn_io.h</path>
<path
   prop-mods="false"
   text-mods="true"
   kind="file"
   action="M">/subversion/trunk/subversion/include/svn_ra.h</path>
<path
   action="M"
   prop-mods="false"
   text-mods="true"
   kind="file">/subversion/trunk/subversion/include/svn_ra_svn.h</path>
<path
   action="M"
   prop-mods="false"
   text-mods="true"
   kind="file">/subversion/trunk/subversion/include/svn_repos.h</path>
<path
   action="M"
   prop-mods="false"
   text-mods="true"
   kind="file">/subversion/trunk/subversion/include/svn_string.h</path>
<path
   action="M"
   prop-mods="false"
   text-mods="true"
   kind="file">/subversion/trunk/subversion/include/svn_xml.h</path>
</paths>
<msg>Tweaks to doc strings and Doxygen mark-up of 1.10 API changes.
</msg>
</logentry>
<logentry
   revision="1821224">
<author>julianfoad</author>
<date>2018-01-16T09:36:13.551128Z</date>
<paths>
<path
   action="M"
   prop-mods="false"
   text-mods="true"
   kind="file">/subversion/trunk/subversion/include/private/svn_cmdline_private.h</path>
<path
   action="M"
   prop-mods="false"
   text-mods="true"
   kind="file">/subversion/trunk/subversion/include/svn_io.h</path>
<path
   action="M"
   prop-mods="false"
   text-mods="true"
   kind="file">/subversion/trunk/subversion/libsvn_subr/cmdline.c</path>
<path
   action="M"
   prop-mods="false"
   text-mods="true"
   kind="file">/subversion/trunk/subversion/libsvn_subr/io.c</path>
<path
   kind="file"
   action="M"
   prop-mods="false"
   text-mods="true">/subversion/trunk/subversion/svn/svn.c</path>
<path
   action="M"
   prop-mods="false"
   text-mods="true"
   kind="file">/subversion/trunk/subversion/svnbench/svnbench.c</path>
<path
   text-mods="true"
   kind="file"
   action="M"
   prop-mods="false">/subversion/trunk/subversion/svnmucc/svnmucc.c</path>
<path
   text-mods="true"
   kind="file"
   action="M"
   prop-mods="false">/subversion/trunk/subversion/svnrdump/svnrdump.c</path>
<path
   text-mods="true"
   kind="file"
   action="M"
   prop-mods="false">/subversion/trunk/tools/client-side/svn-mergeinfo-normalizer/svn-mergeinfo-normalizer.c</path>
<path
   text-mods="true"
   kind="file"
   action="M"
   prop-mods="false">/subversion/trunk/tools/client-side/svnconflict/svnconflict.c</path>
<path
   text-mods="true"
   kind="file"
   action="M"
   prop-mods="false">/subversion/trunk/tools/dev/svnmover/svnmover.c</path>
</paths>
<msg>Rename and move the new-for-1.10 function 'svn_io_stdin_readline()' to
'svn_cmdline__stdin_readline()'.

It is just a wrapper around existing API functions and lacks some checking and
options so was deemed not suitable to go into the public API in its current
form.

* subversion/include/private/svn_cmdline_private.h,
  subversion/libsvn_subr/cmdline.c
  (svn_cmdline__stdin_readline): Rename and move to here...

* subversion/include/svn_io.h
* subversion/libsvn_subr/io.c
  (svn_io_stdin_readline): ... from here.

* subversion/svnbench/svnbench.c,
  subversion/svnmucc/svnmucc.c,
  subversion/svnrdump/svnrdump.c,
  subversion/svn/svn.c,
  tools/client-side/svnconflict/svnconflict.c,
  tools/client-side/svn-mergeinfo-normalizer/svn-mergeinfo-normalizer.c,
  tools/dev/svnmover/svnmover.c
  (sub_main): Track the rename.
</msg>
</logentry>
<logentry
   revision="1821621">
<author>julianfoad</author>
<date>2018-01-19T11:29:49.790382Z</date>
<paths>
<path
   text-mods="true"
   kind="file"
   action="M"
   prop-mods="false">/subversion/trunk/subversion/include/svn_client.h</path>
<path
   text-mods="true"
   kind="file"
   action="M"
   prop-mods="false">/subversion/trunk/subversion/libsvn_client/shelve.c</path>
</paths>
<msg>Remove lower level shelving functions from (experimental) public API.

* subversion/include/svn_client.h,
  subversion/libsvn_client/shelve.c
  (svn_client_shelf_write_patch,
   svn_client_shelf_apply_patch,
   svn_client_shelf_delete_patch):
    Remove declarations, drop 'svn_client_' prefix, make static.</msg>
</logentry>
</log>
